2012-08-14 21:12:48,277 - Log4JLogChute initialized using file 'velocity.log'
2012-08-14 21:12:48,277 - Initializing Velocity, Calling init()...
2012-08-14 21:12:48,277 - Starting Apache Velocity v1.7 (compiled: 2010-11-19 12:14:37)
2012-08-14 21:12:48,277 - Default Properties File: org/apache/velocity/runtime/defaults/velocity.properties
2012-08-14 21:12:48,277 - Trying to use logger class org.apache.velocity.runtime.log.AvalonLogChute
2012-08-14 21:12:48,277 - Target log system for org.apache.velocity.runtime.log.AvalonLogChute is not available (java.lang.NoClassDefFoundError: org/apache/log/format/Formatter).  Falling back to next log system...
2012-08-14 21:12:48,277 - Trying to use logger class org.apache.velocity.runtime.log.Log4JLogChute
2012-08-14 21:12:48,277 - Using logger class org.apache.velocity.runtime.log.Log4JLogChute
2012-08-14 21:12:48,283 - ResourceLoader instantiated: org.apache.velocity.runtime.resource.loader.FileResourceLoader
2012-08-14 21:12:48,284 - Do unicode file recognition:  false
2012-08-14 21:12:48,284 - FileResourceLoader : adding path '/home/fred/dev/development/java/gen_mbaobao/maven-table2bean-plugin/target/classes/templates'
2012-08-14 21:12:48,324 - ResourceCache: initialized (class org.apache.velocity.runtime.resource.ResourceCacheImpl) with class java.util.Collections$SynchronizedMap cache map.
2012-08-14 21:12:48,325 - Loaded System Directive: org.apache.velocity.runtime.directive.Stop
2012-08-14 21:12:48,327 - Loaded System Directive: org.apache.velocity.runtime.directive.Define
2012-08-14 21:12:48,327 - Loaded System Directive: org.apache.velocity.runtime.directive.Break
2012-08-14 21:12:48,328 - Loaded System Directive: org.apache.velocity.runtime.directive.Evaluate
2012-08-14 21:12:48,329 - Loaded System Directive: org.apache.velocity.runtime.directive.Literal
2012-08-14 21:12:48,330 - Loaded System Directive: org.apache.velocity.runtime.directive.Macro
2012-08-14 21:12:48,331 - Loaded System Directive: org.apache.velocity.runtime.directive.Parse
2012-08-14 21:12:48,333 - Loaded System Directive: org.apache.velocity.runtime.directive.Include
2012-08-14 21:12:48,334 - Loaded System Directive: org.apache.velocity.runtime.directive.Foreach
2012-08-14 21:12:48,369 - Created '20' parsers.
2012-08-14 21:12:48,379 - Velocimacro : "velocimacro.library" is not set.  Trying default library: VM_global_library.vm
2012-08-14 21:12:48,379 - Velocimacro : Default library not found.
2012-08-14 21:12:48,379 - Velocimacro : allowInline = true : VMs can be defined inline in templates
2012-08-14 21:12:48,379 - Velocimacro : allowInlineToOverride = false : VMs defined inline may NOT replace previous VM definitions
2012-08-14 21:12:48,379 - Velocimacro : allowInlineLocal = false : VMs defined inline will be global in scope if allowed.
2012-08-14 21:12:48,379 - Velocimacro : autoload off : VM system will not automatically reload global library macros
2012-08-14 21:13:28,610 - Log4JLogChute initialized using file 'velocity.log'
2012-08-14 21:13:28,610 - Initializing Velocity, Calling init()...
2012-08-14 21:13:28,610 - Starting Apache Velocity v1.7 (compiled: 2010-11-19 12:14:37)
2012-08-14 21:13:28,611 - Default Properties File: org/apache/velocity/runtime/defaults/velocity.properties
2012-08-14 21:13:28,611 - Trying to use logger class org.apache.velocity.runtime.log.AvalonLogChute
2012-08-14 21:13:28,611 - Target log system for org.apache.velocity.runtime.log.AvalonLogChute is not available (java.lang.NoClassDefFoundError: org/apache/log/format/Formatter).  Falling back to next log system...
2012-08-14 21:13:28,611 - Trying to use logger class org.apache.velocity.runtime.log.Log4JLogChute
2012-08-14 21:13:28,611 - Using logger class org.apache.velocity.runtime.log.Log4JLogChute
2012-08-14 21:13:28,622 - ResourceLoader instantiated: org.apache.velocity.runtime.resource.loader.FileResourceLoader
2012-08-14 21:13:28,624 - Do unicode file recognition:  false
2012-08-14 21:13:28,624 - FileResourceLoader : adding path '/home/fred/dev/development/java/gen_mbaobao/maven-table2bean-plugin/target/classes/templates'
2012-08-14 21:13:28,645 - ResourceCache: initialized (class org.apache.velocity.runtime.resource.ResourceCacheImpl) with class java.util.Collections$SynchronizedMap cache map.
2012-08-14 21:13:28,647 - Loaded System Directive: org.apache.velocity.runtime.directive.Stop
2012-08-14 21:13:28,649 - Loaded System Directive: org.apache.velocity.runtime.directive.Define
2012-08-14 21:13:28,650 - Loaded System Directive: org.apache.velocity.runtime.directive.Break
2012-08-14 21:13:28,652 - Loaded System Directive: org.apache.velocity.runtime.directive.Evaluate
2012-08-14 21:13:28,653 - Loaded System Directive: org.apache.velocity.runtime.directive.Literal
2012-08-14 21:13:28,656 - Loaded System Directive: org.apache.velocity.runtime.directive.Macro
2012-08-14 21:13:28,658 - Loaded System Directive: org.apache.velocity.runtime.directive.Parse
2012-08-14 21:13:28,660 - Loaded System Directive: org.apache.velocity.runtime.directive.Include
2012-08-14 21:13:28,661 - Loaded System Directive: org.apache.velocity.runtime.directive.Foreach
2012-08-14 21:13:28,696 - Created '20' parsers.
2012-08-14 21:13:28,705 - Velocimacro : "velocimacro.library" is not set.  Trying default library: VM_global_library.vm
2012-08-14 21:13:28,705 - Velocimacro : Default library not found.
2012-08-14 21:13:28,705 - Velocimacro : allowInline = true : VMs can be defined inline in templates
2012-08-14 21:13:28,705 - Velocimacro : allowInlineToOverride = false : VMs defined inline may NOT replace previous VM definitions
2012-08-14 21:13:28,705 - Velocimacro : allowInlineLocal = false : VMs defined inline will be global in scope if allowed.
2012-08-14 21:13:28,705 - Velocimacro : autoload off : VM system will not automatically reload global library macros
2012-08-14 21:13:29,456 - ResourceManager : found bean.vm with loader org.apache.velocity.runtime.resource.loader.FileResourceLoader
2012-08-14 21:13:29,461 - ResourceManager : found include/copyright.vm with loader org.apache.velocity.runtime.resource.loader.FileResourceLoader
2012-08-14 21:13:29,513 - ResourceManager : found include/description-java.vm with loader org.apache.velocity.runtime.resource.loader.FileResourceLoader
2012-08-14 21:13:29,518 - ResourceManager : found include/do-fields.vm with loader org.apache.velocity.runtime.resource.loader.FileResourceLoader
2012-08-14 21:13:29,663 - ResourceManager : found dao.vm with loader org.apache.velocity.runtime.resource.loader.FileResourceLoader
2012-08-14 21:13:29,663 - ResourceManager : found include/copyright.vm with loader org.apache.velocity.runtime.resource.loader.FileResourceLoader
2012-08-14 21:13:29,664 - ResourceManager : found include/description-java.vm with loader org.apache.velocity.runtime.resource.loader.FileResourceLoader
2012-08-14 21:13:29,696 - ResourceManager : found sqlmapper.vm with loader org.apache.velocity.runtime.resource.loader.FileResourceLoader
2012-08-14 21:13:51,304 - Log4JLogChute initialized using file 'velocity.log'
2012-08-14 21:13:51,305 - Initializing Velocity, Calling init()...
2012-08-14 21:13:51,305 - Starting Apache Velocity v1.7 (compiled: 2010-11-19 12:14:37)
2012-08-14 21:13:51,305 - Default Properties File: org/apache/velocity/runtime/defaults/velocity.properties
2012-08-14 21:13:51,305 - Trying to use logger class org.apache.velocity.runtime.log.AvalonLogChute
2012-08-14 21:13:51,305 - Target log system for org.apache.velocity.runtime.log.AvalonLogChute is not available (java.lang.NoClassDefFoundError: org/apache/log/format/Formatter).  Falling back to next log system...
2012-08-14 21:13:51,305 - Trying to use logger class org.apache.velocity.runtime.log.Log4JLogChute
2012-08-14 21:13:51,305 - Using logger class org.apache.velocity.runtime.log.Log4JLogChute
2012-08-14 21:13:51,316 - ResourceLoader instantiated: org.apache.velocity.runtime.resource.loader.FileResourceLoader
2012-08-14 21:13:51,318 - Do unicode file recognition:  false
2012-08-14 21:13:51,319 - FileResourceLoader : adding path '/home/fred/dev/development/java/gen_mbaobao/maven-table2bean-plugin/target/classes/templates'
2012-08-14 21:13:51,340 - ResourceCache: initialized (class org.apache.velocity.runtime.resource.ResourceCacheImpl) with class java.util.Collections$SynchronizedMap cache map.
2012-08-14 21:13:51,343 - Loaded System Directive: org.apache.velocity.runtime.directive.Stop
2012-08-14 21:13:51,346 - Loaded System Directive: org.apache.velocity.runtime.directive.Define
2012-08-14 21:13:51,347 - Loaded System Directive: org.apache.velocity.runtime.directive.Break
2012-08-14 21:13:51,349 - Loaded System Directive: org.apache.velocity.runtime.directive.Evaluate
2012-08-14 21:13:51,350 - Loaded System Directive: org.apache.velocity.runtime.directive.Literal
2012-08-14 21:13:51,353 - Loaded System Directive: org.apache.velocity.runtime.directive.Macro
2012-08-14 21:13:51,355 - Loaded System Directive: org.apache.velocity.runtime.directive.Parse
2012-08-14 21:13:51,358 - Loaded System Directive: org.apache.velocity.runtime.directive.Include
2012-08-14 21:13:51,361 - Loaded System Directive: org.apache.velocity.runtime.directive.Foreach
2012-08-14 21:13:51,414 - Created '20' parsers.
2012-08-14 21:13:51,427 - Velocimacro : "velocimacro.library" is not set.  Trying default library: VM_global_library.vm
2012-08-14 21:13:51,427 - Velocimacro : Default library not found.
2012-08-14 21:13:51,427 - Velocimacro : allowInline = true : VMs can be defined inline in templates
2012-08-14 21:13:51,427 - Velocimacro : allowInlineToOverride = false : VMs defined inline may NOT replace previous VM definitions
2012-08-14 21:13:51,427 - Velocimacro : allowInlineLocal = false : VMs defined inline will be global in scope if allowed.
2012-08-14 21:13:51,427 - Velocimacro : autoload off : VM system will not automatically reload global library macros
2012-08-14 21:13:52,005 - ResourceManager : found bean.vm with loader org.apache.velocity.runtime.resource.loader.FileResourceLoader
2012-08-14 21:13:52,008 - ResourceManager : found include/copyright.vm with loader org.apache.velocity.runtime.resource.loader.FileResourceLoader
2012-08-14 21:13:52,025 - ResourceManager : found include/description-java.vm with loader org.apache.velocity.runtime.resource.loader.FileResourceLoader
2012-08-14 21:13:52,028 - ResourceManager : found include/do-fields.vm with loader org.apache.velocity.runtime.resource.loader.FileResourceLoader
2012-08-14 21:13:52,037 - ResourceManager : found dao.vm with loader org.apache.velocity.runtime.resource.loader.FileResourceLoader
2012-08-14 21:13:52,038 - ResourceManager : found include/copyright.vm with loader org.apache.velocity.runtime.resource.loader.FileResourceLoader
2012-08-14 21:13:52,038 - ResourceManager : found include/description-java.vm with loader org.apache.velocity.runtime.resource.loader.FileResourceLoader
2012-08-14 21:13:52,053 - ResourceManager : found sqlmapper.vm with loader org.apache.velocity.runtime.resource.loader.FileResourceLoader
2012-08-14 21:14:15,876 - Log4JLogChute initialized using file 'velocity.log'
2012-08-14 21:14:15,877 - Initializing Velocity, Calling init()...
2012-08-14 21:14:15,877 - Starting Apache Velocity v1.7 (compiled: 2010-11-19 12:14:37)
2012-08-14 21:14:15,877 - Default Properties File: org/apache/velocity/runtime/defaults/velocity.properties
2012-08-14 21:14:15,877 - Trying to use logger class org.apache.velocity.runtime.log.AvalonLogChute
2012-08-14 21:14:15,877 - Target log system for org.apache.velocity.runtime.log.AvalonLogChute is not available (java.lang.NoClassDefFoundError: org/apache/log/format/Formatter).  Falling back to next log system...
2012-08-14 21:14:15,877 - Trying to use logger class org.apache.velocity.runtime.log.Log4JLogChute
2012-08-14 21:14:15,877 - Using logger class org.apache.velocity.runtime.log.Log4JLogChute
2012-08-14 21:14:15,885 - ResourceLoader instantiated: org.apache.velocity.runtime.resource.loader.FileResourceLoader
2012-08-14 21:14:15,886 - Do unicode file recognition:  false
2012-08-14 21:14:15,886 - FileResourceLoader : adding path '/home/fred/dev/development/java/gen_mbaobao/maven-table2bean-plugin/target/classes/templates'
2012-08-14 21:14:15,910 - ResourceCache: initialized (class org.apache.velocity.runtime.resource.ResourceCacheImpl) with class java.util.Collections$SynchronizedMap cache map.
2012-08-14 21:14:15,913 - Loaded System Directive: org.apache.velocity.runtime.directive.Stop
2012-08-14 21:14:15,915 - Loaded System Directive: org.apache.velocity.runtime.directive.Define
2012-08-14 21:14:15,916 - Loaded System Directive: org.apache.velocity.runtime.directive.Break
2012-08-14 21:14:15,917 - Loaded System Directive: org.apache.velocity.runtime.directive.Evaluate
2012-08-14 21:14:15,917 - Loaded System Directive: org.apache.velocity.runtime.directive.Literal
2012-08-14 21:14:15,919 - Loaded System Directive: org.apache.velocity.runtime.directive.Macro
2012-08-14 21:14:15,922 - Loaded System Directive: org.apache.velocity.runtime.directive.Parse
2012-08-14 21:14:15,924 - Loaded System Directive: org.apache.velocity.runtime.directive.Include
2012-08-14 21:14:15,925 - Loaded System Directive: org.apache.velocity.runtime.directive.Foreach
2012-08-14 21:14:15,966 - Created '20' parsers.
2012-08-14 21:14:15,973 - Velocimacro : "velocimacro.library" is not set.  Trying default library: VM_global_library.vm
2012-08-14 21:14:15,974 - Velocimacro : Default library not found.
2012-08-14 21:14:15,974 - Velocimacro : allowInline = true : VMs can be defined inline in templates
2012-08-14 21:14:15,974 - Velocimacro : allowInlineToOverride = false : VMs defined inline may NOT replace previous VM definitions
2012-08-14 21:14:15,974 - Velocimacro : allowInlineLocal = false : VMs defined inline will be global in scope if allowed.
2012-08-14 21:14:15,974 - Velocimacro : autoload off : VM system will not automatically reload global library macros
2012-08-14 21:14:16,605 - ResourceManager : found bean.vm with loader org.apache.velocity.runtime.resource.loader.FileResourceLoader
2012-08-14 21:14:16,611 - ResourceManager : found include/copyright.vm with loader org.apache.velocity.runtime.resource.loader.FileResourceLoader
2012-08-14 21:14:16,643 - ResourceManager : found include/description-java.vm with loader org.apache.velocity.runtime.resource.loader.FileResourceLoader
2012-08-14 21:14:16,648 - ResourceManager : found include/do-fields.vm with loader org.apache.velocity.runtime.resource.loader.FileResourceLoader
2012-08-14 21:14:16,666 - ResourceManager : found dao.vm with loader org.apache.velocity.runtime.resource.loader.FileResourceLoader
2012-08-14 21:14:16,667 - ResourceManager : found include/copyright.vm with loader org.apache.velocity.runtime.resource.loader.FileResourceLoader
2012-08-14 21:14:16,669 - ResourceManager : found include/description-java.vm with loader org.apache.velocity.runtime.resource.loader.FileResourceLoader
2012-08-14 21:14:16,696 - ResourceManager : found sqlmapper.vm with loader org.apache.velocity.runtime.resource.loader.FileResourceLoader
2012-08-14 21:15:29,093 - Log4JLogChute initialized using file 'velocity.log'
2012-08-14 21:15:29,093 - Initializing Velocity, Calling init()...
2012-08-14 21:15:29,093 - Starting Apache Velocity v1.7 (compiled: 2010-11-19 12:14:37)
2012-08-14 21:15:29,093 - Default Properties File: org/apache/velocity/runtime/defaults/velocity.properties
2012-08-14 21:15:29,093 - Trying to use logger class org.apache.velocity.runtime.log.AvalonLogChute
2012-08-14 21:15:29,094 - Target log system for org.apache.velocity.runtime.log.AvalonLogChute is not available (java.lang.NoClassDefFoundError: org/apache/log/format/Formatter).  Falling back to next log system...
2012-08-14 21:15:29,094 - Trying to use logger class org.apache.velocity.runtime.log.Log4JLogChute
2012-08-14 21:15:29,094 - Using logger class org.apache.velocity.runtime.log.Log4JLogChute
2012-08-14 21:15:29,100 - ResourceLoader instantiated: org.apache.velocity.runtime.resource.loader.FileResourceLoader
2012-08-14 21:15:29,102 - Do unicode file recognition:  false
2012-08-14 21:15:29,102 - FileResourceLoader : adding path '/home/fred/dev/development/java/gen_mbaobao/maven-table2bean-plugin/target/test-classes/templates'
2012-08-14 21:15:29,117 - ResourceCache: initialized (class org.apache.velocity.runtime.resource.ResourceCacheImpl) with class java.util.Collections$SynchronizedMap cache map.
2012-08-14 21:15:29,119 - Loaded System Directive: org.apache.velocity.runtime.directive.Stop
2012-08-14 21:15:29,121 - Loaded System Directive: org.apache.velocity.runtime.directive.Define
2012-08-14 21:15:29,121 - Loaded System Directive: org.apache.velocity.runtime.directive.Break
2012-08-14 21:15:29,122 - Loaded System Directive: org.apache.velocity.runtime.directive.Evaluate
2012-08-14 21:15:29,123 - Loaded System Directive: org.apache.velocity.runtime.directive.Literal
2012-08-14 21:15:29,125 - Loaded System Directive: org.apache.velocity.runtime.directive.Macro
2012-08-14 21:15:29,126 - Loaded System Directive: org.apache.velocity.runtime.directive.Parse
2012-08-14 21:15:29,128 - Loaded System Directive: org.apache.velocity.runtime.directive.Include
2012-08-14 21:15:29,129 - Loaded System Directive: org.apache.velocity.runtime.directive.Foreach
2012-08-14 21:15:29,169 - Created '20' parsers.
2012-08-14 21:15:29,177 - Velocimacro : "velocimacro.library" is not set.  Trying default library: VM_global_library.vm
2012-08-14 21:15:29,178 - Velocimacro : Default library not found.
2012-08-14 21:15:29,178 - Velocimacro : allowInline = true : VMs can be defined inline in templates
2012-08-14 21:15:29,178 - Velocimacro : allowInlineToOverride = false : VMs defined inline may NOT replace previous VM definitions
2012-08-14 21:15:29,178 - Velocimacro : allowInlineLocal = false : VMs defined inline will be global in scope if allowed.
2012-08-14 21:15:29,178 - Velocimacro : autoload off : VM system will not automatically reload global library macros
2012-08-14 21:15:29,775 - ResourceManager : unable to find resource 'bean.vm' in any resource loader.
2012-08-14 21:32:16,726 - Log4JLogChute initialized using file 'velocity.log'
2012-08-14 21:32:16,727 - Initializing Velocity, Calling init()...
2012-08-14 21:32:16,727 - Starting Apache Velocity v1.7 (compiled: 2010-11-19 12:14:37)
2012-08-14 21:32:16,727 - Default Properties File: org/apache/velocity/runtime/defaults/velocity.properties
2012-08-14 21:32:16,727 - Trying to use logger class org.apache.velocity.runtime.log.AvalonLogChute
2012-08-14 21:32:16,727 - Target log system for org.apache.velocity.runtime.log.AvalonLogChute is not available (java.lang.NoClassDefFoundError: org/apache/log/format/Formatter).  Falling back to next log system...
2012-08-14 21:32:16,727 - Trying to use logger class org.apache.velocity.runtime.log.Log4JLogChute
2012-08-14 21:32:16,727 - Using logger class org.apache.velocity.runtime.log.Log4JLogChute
2012-08-14 21:32:16,735 - ResourceLoader instantiated: org.apache.velocity.runtime.resource.loader.FileResourceLoader
2012-08-14 21:32:16,737 - Do unicode file recognition:  false
2012-08-14 21:32:16,737 - FileResourceLoader : adding path '/home/fred/dev/development/java/gen_mbaobao/maven-table2bean-plugin/target/classes/templates'
2012-08-14 21:32:16,759 - ResourceCache: initialized (class org.apache.velocity.runtime.resource.ResourceCacheImpl) with class java.util.Collections$SynchronizedMap cache map.
2012-08-14 21:32:16,762 - Loaded System Directive: org.apache.velocity.runtime.directive.Stop
2012-08-14 21:32:16,764 - Loaded System Directive: org.apache.velocity.runtime.directive.Define
2012-08-14 21:32:16,765 - Loaded System Directive: org.apache.velocity.runtime.directive.Break
2012-08-14 21:32:16,767 - Loaded System Directive: org.apache.velocity.runtime.directive.Evaluate
2012-08-14 21:32:16,768 - Loaded System Directive: org.apache.velocity.runtime.directive.Literal
2012-08-14 21:32:16,771 - Loaded System Directive: org.apache.velocity.runtime.directive.Macro
2012-08-14 21:32:16,773 - Loaded System Directive: org.apache.velocity.runtime.directive.Parse
2012-08-14 21:32:16,775 - Loaded System Directive: org.apache.velocity.runtime.directive.Include
2012-08-14 21:32:16,777 - Loaded System Directive: org.apache.velocity.runtime.directive.Foreach
2012-08-14 21:32:16,813 - Created '20' parsers.
2012-08-14 21:32:16,821 - Velocimacro : "velocimacro.library" is not set.  Trying default library: VM_global_library.vm
2012-08-14 21:32:16,822 - Velocimacro : Default library not found.
2012-08-14 21:32:16,822 - Velocimacro : allowInline = true : VMs can be defined inline in templates
2012-08-14 21:32:16,822 - Velocimacro : allowInlineToOverride = false : VMs defined inline may NOT replace previous VM definitions
2012-08-14 21:32:16,822 - Velocimacro : allowInlineLocal = false : VMs defined inline will be global in scope if allowed.
2012-08-14 21:32:16,822 - Velocimacro : autoload off : VM system will not automatically reload global library macros
2012-08-14 21:32:17,405 - ResourceManager : found bean.vm with loader org.apache.velocity.runtime.resource.loader.FileResourceLoader
2012-08-14 21:32:17,408 - ResourceManager : found include/copyright.vm with loader org.apache.velocity.runtime.resource.loader.FileResourceLoader
2012-08-14 21:32:17,426 - ResourceManager : found include/description-java.vm with loader org.apache.velocity.runtime.resource.loader.FileResourceLoader
2012-08-14 21:32:17,430 - ResourceManager : found include/do-fields.vm with loader org.apache.velocity.runtime.resource.loader.FileResourceLoader
2012-08-14 21:32:17,440 - ResourceManager : found dao.vm with loader org.apache.velocity.runtime.resource.loader.FileResourceLoader
2012-08-14 21:32:17,441 - ResourceManager : found include/copyright.vm with loader org.apache.velocity.runtime.resource.loader.FileResourceLoader
2012-08-14 21:32:17,442 - ResourceManager : found include/description-java.vm with loader org.apache.velocity.runtime.resource.loader.FileResourceLoader
2012-08-14 21:32:17,457 - ResourceManager : found sqlmapper.vm with loader org.apache.velocity.runtime.resource.loader.FileResourceLoader
2012-08-14 21:32:59,886 - Log4JLogChute initialized using file 'velocity.log'
2012-08-14 21:32:59,887 - Initializing Velocity, Calling init()...
2012-08-14 21:32:59,887 - Starting Apache Velocity v1.7 (compiled: 2010-11-19 12:14:37)
2012-08-14 21:32:59,887 - Default Properties File: org/apache/velocity/runtime/defaults/velocity.properties
2012-08-14 21:32:59,887 - Trying to use logger class org.apache.velocity.runtime.log.AvalonLogChute
2012-08-14 21:32:59,887 - Target log system for org.apache.velocity.runtime.log.AvalonLogChute is not available (java.lang.NoClassDefFoundError: org/apache/log/format/Formatter).  Falling back to next log system...
2012-08-14 21:32:59,887 - Trying to use logger class org.apache.velocity.runtime.log.Log4JLogChute
2012-08-14 21:32:59,887 - Using logger class org.apache.velocity.runtime.log.Log4JLogChute
2012-08-14 21:32:59,895 - ResourceLoader instantiated: org.apache.velocity.runtime.resource.loader.FileResourceLoader
2012-08-14 21:32:59,896 - Do unicode file recognition:  false
2012-08-14 21:32:59,896 - FileResourceLoader : adding path '/home/fred/dev/development/java/gen_mbaobao/maven-table2bean-plugin/target/classes/templates'
2012-08-14 21:32:59,911 - ResourceCache: initialized (class org.apache.velocity.runtime.resource.ResourceCacheImpl) with class java.util.Collections$SynchronizedMap cache map.
2012-08-14 21:32:59,913 - Loaded System Directive: org.apache.velocity.runtime.directive.Stop
2012-08-14 21:32:59,914 - Loaded System Directive: org.apache.velocity.runtime.directive.Define
2012-08-14 21:32:59,915 - Loaded System Directive: org.apache.velocity.runtime.directive.Break
2012-08-14 21:32:59,916 - Loaded System Directive: org.apache.velocity.runtime.directive.Evaluate
2012-08-14 21:32:59,917 - Loaded System Directive: org.apache.velocity.runtime.directive.Literal
2012-08-14 21:32:59,918 - Loaded System Directive: org.apache.velocity.runtime.directive.Macro
2012-08-14 21:32:59,922 - Loaded System Directive: org.apache.velocity.runtime.directive.Parse
2012-08-14 21:32:59,924 - Loaded System Directive: org.apache.velocity.runtime.directive.Include
2012-08-14 21:32:59,925 - Loaded System Directive: org.apache.velocity.runtime.directive.Foreach
2012-08-14 21:32:59,966 - Created '20' parsers.
2012-08-14 21:32:59,974 - Velocimacro : "velocimacro.library" is not set.  Trying default library: VM_global_library.vm
2012-08-14 21:32:59,974 - Velocimacro : Default library not found.
2012-08-14 21:32:59,974 - Velocimacro : allowInline = true : VMs can be defined inline in templates
2012-08-14 21:32:59,974 - Velocimacro : allowInlineToOverride = false : VMs defined inline may NOT replace previous VM definitions
2012-08-14 21:32:59,975 - Velocimacro : allowInlineLocal = false : VMs defined inline will be global in scope if allowed.
2012-08-14 21:32:59,975 - Velocimacro : autoload off : VM system will not automatically reload global library macros
2012-08-14 21:33:00,572 - ResourceManager : found bean.vm with loader org.apache.velocity.runtime.resource.loader.FileResourceLoader
2012-08-14 21:33:00,576 - ResourceManager : found include/copyright.vm with loader org.apache.velocity.runtime.resource.loader.FileResourceLoader
2012-08-14 21:33:00,592 - ResourceManager : found include/description-java.vm with loader org.apache.velocity.runtime.resource.loader.FileResourceLoader
2012-08-14 21:33:00,595 - ResourceManager : found include/do-fields.vm with loader org.apache.velocity.runtime.resource.loader.FileResourceLoader
2012-08-14 21:33:00,606 - ResourceManager : found dao.vm with loader org.apache.velocity.runtime.resource.loader.FileResourceLoader
2012-08-14 21:33:00,606 - ResourceManager : found include/copyright.vm with loader org.apache.velocity.runtime.resource.loader.FileResourceLoader
2012-08-14 21:33:00,607 - ResourceManager : found include/description-java.vm with loader org.apache.velocity.runtime.resource.loader.FileResourceLoader
2012-08-14 21:33:00,621 - ResourceManager : found sqlmapper.vm with loader org.apache.velocity.runtime.resource.loader.FileResourceLoader
2012-08-14 21:33:26,551 - Log4JLogChute initialized using file 'velocity.log'
2012-08-14 21:33:26,552 - Initializing Velocity, Calling init()...
2012-08-14 21:33:26,552 - Starting Apache Velocity v1.7 (compiled: 2010-11-19 12:14:37)
2012-08-14 21:33:26,552 - Default Properties File: org/apache/velocity/runtime/defaults/velocity.properties
2012-08-14 21:33:26,552 - Trying to use logger class org.apache.velocity.runtime.log.AvalonLogChute
2012-08-14 21:33:26,552 - Target log system for org.apache.velocity.runtime.log.AvalonLogChute is not available (java.lang.NoClassDefFoundError: org/apache/log/format/Formatter).  Falling back to next log system...
2012-08-14 21:33:26,552 - Trying to use logger class org.apache.velocity.runtime.log.Log4JLogChute
2012-08-14 21:33:26,552 - Using logger class org.apache.velocity.runtime.log.Log4JLogChute
2012-08-14 21:33:26,560 - ResourceLoader instantiated: org.apache.velocity.runtime.resource.loader.FileResourceLoader
2012-08-14 21:33:26,562 - Do unicode file recognition:  false
2012-08-14 21:33:26,562 - FileResourceLoader : adding path '/home/fred/dev/development/java/gen_mbaobao/maven-table2bean-plugin/target/classes/templates'
2012-08-14 21:33:26,583 - ResourceCache: initialized (class org.apache.velocity.runtime.resource.ResourceCacheImpl) with class java.util.Collections$SynchronizedMap cache map.
2012-08-14 21:33:26,586 - Loaded System Directive: org.apache.velocity.runtime.directive.Stop
2012-08-14 21:33:26,588 - Loaded System Directive: org.apache.velocity.runtime.directive.Define
2012-08-14 21:33:26,589 - Loaded System Directive: org.apache.velocity.runtime.directive.Break
2012-08-14 21:33:26,591 - Loaded System Directive: org.apache.velocity.runtime.directive.Evaluate
2012-08-14 21:33:26,592 - Loaded System Directive: org.apache.velocity.runtime.directive.Literal
2012-08-14 21:33:26,594 - Loaded System Directive: org.apache.velocity.runtime.directive.Macro
2012-08-14 21:33:26,595 - Loaded System Directive: org.apache.velocity.runtime.directive.Parse
2012-08-14 21:33:26,597 - Loaded System Directive: org.apache.velocity.runtime.directive.Include
2012-08-14 21:33:26,598 - Loaded System Directive: org.apache.velocity.runtime.directive.Foreach
2012-08-14 21:33:26,633 - Created '20' parsers.
2012-08-14 21:33:26,644 - Velocimacro : "velocimacro.library" is not set.  Trying default library: VM_global_library.vm
2012-08-14 21:33:26,644 - Velocimacro : Default library not found.
2012-08-14 21:33:26,644 - Velocimacro : allowInline = true : VMs can be defined inline in templates
2012-08-14 21:33:26,644 - Velocimacro : allowInlineToOverride = false : VMs defined inline may NOT replace previous VM definitions
2012-08-14 21:33:26,644 - Velocimacro : allowInlineLocal = false : VMs defined inline will be global in scope if allowed.
2012-08-14 21:33:26,644 - Velocimacro : autoload off : VM system will not automatically reload global library macros
2012-08-14 21:33:41,660 - Log4JLogChute initialized using file 'velocity.log'
2012-08-14 21:33:41,660 - Initializing Velocity, Calling init()...
2012-08-14 21:33:41,660 - Starting Apache Velocity v1.7 (compiled: 2010-11-19 12:14:37)
2012-08-14 21:33:41,660 - Default Properties File: org/apache/velocity/runtime/defaults/velocity.properties
2012-08-14 21:33:41,660 - Trying to use logger class org.apache.velocity.runtime.log.AvalonLogChute
2012-08-14 21:33:41,660 - Target log system for org.apache.velocity.runtime.log.AvalonLogChute is not available (java.lang.NoClassDefFoundError: org/apache/log/format/Formatter).  Falling back to next log system...
2012-08-14 21:33:41,660 - Trying to use logger class org.apache.velocity.runtime.log.Log4JLogChute
2012-08-14 21:33:41,660 - Using logger class org.apache.velocity.runtime.log.Log4JLogChute
2012-08-14 21:33:41,666 - ResourceLoader instantiated: org.apache.velocity.runtime.resource.loader.FileResourceLoader
2012-08-14 21:33:41,667 - Do unicode file recognition:  false
2012-08-14 21:33:41,667 - FileResourceLoader : adding path '/home/fred/dev/development/java/gen_mbaobao/maven-table2bean-plugin/target/test-classes/templates'
2012-08-14 21:33:41,682 - ResourceCache: initialized (class org.apache.velocity.runtime.resource.ResourceCacheImpl) with class java.util.Collections$SynchronizedMap cache map.
2012-08-14 21:33:41,684 - Loaded System Directive: org.apache.velocity.runtime.directive.Stop
2012-08-14 21:33:41,685 - Loaded System Directive: org.apache.velocity.runtime.directive.Define
2012-08-14 21:33:41,686 - Loaded System Directive: org.apache.velocity.runtime.directive.Break
2012-08-14 21:33:41,687 - Loaded System Directive: org.apache.velocity.runtime.directive.Evaluate
2012-08-14 21:33:41,687 - Loaded System Directive: org.apache.velocity.runtime.directive.Literal
2012-08-14 21:33:41,689 - Loaded System Directive: org.apache.velocity.runtime.directive.Macro
2012-08-14 21:33:41,690 - Loaded System Directive: org.apache.velocity.runtime.directive.Parse
2012-08-14 21:33:41,692 - Loaded System Directive: org.apache.velocity.runtime.directive.Include
2012-08-14 21:33:41,693 - Loaded System Directive: org.apache.velocity.runtime.directive.Foreach
2012-08-14 21:33:41,728 - Created '20' parsers.
2012-08-14 21:33:41,737 - Velocimacro : "velocimacro.library" is not set.  Trying default library: VM_global_library.vm
2012-08-14 21:33:41,737 - Velocimacro : Default library not found.
2012-08-14 21:33:41,737 - Velocimacro : allowInline = true : VMs can be defined inline in templates
2012-08-14 21:33:41,737 - Velocimacro : allowInlineToOverride = false : VMs defined inline may NOT replace previous VM definitions
2012-08-14 21:33:41,737 - Velocimacro : allowInlineLocal = false : VMs defined inline will be global in scope if allowed.
2012-08-14 21:33:41,737 - Velocimacro : autoload off : VM system will not automatically reload global library macros
